Build started 6/12/2012 6:26:34 PM.
     1>Project "E:\SRI\straylight_repo\visualStudioWorkspace\gtest\msvc\gtest.vcxproj" on node 2 (Build target(s)).
         C:\Program Files (x86)\Microsoft Visual Studio 11.0\VC\bin\CL.exe /c /I.. /I..\include /ZI /nologo /W3 /WX- /Od /Oy- /D WIN32 /D _DEBUG /D _LIB /D _MBCS /Gm /EHsc /RTC1 /MTd /GS /fp:precise /Zc:wchar_t /Zc:forScope /Fo"straylight/Debug\gtest\\" /Fd"straylight/Debug\gtest\vc110.pdb" /Gd /TP /analyze- /errorReport:prompt "..\src\gtest-all.cc"
         gtest-all.cc
     1>e:\sri\straylight_repo\visualstudioworkspace\gtest\include\gtest\gtest-printers.h(550): error C2977: 'std::tuple' : too many template arguments
                 c:\program files (x86)\microsoft visual studio 11.0\vc\include\utility(73) : see declaration of 'std::tuple'
     1>e:\sri\straylight_repo\visualstudioworkspace\gtest\include\gtest\gtest-printers.h(558): error C2977: 'std::tuple' : too many template arguments
                 c:\program files (x86)\microsoft visual studio 11.0\vc\include\utility(73) : see declaration of 'std::tuple'
     1>e:\sri\straylight_repo\visualstudioworkspace\gtest\include\gtest\internal\gtest-param-util-generated.h(4017): error C2977: 'std::tuple' : too many template arguments
                 c:\program files (x86)\microsoft visual studio 11.0\vc\include\utility(73) : see declaration of 'std::tuple'
                 e:\sri\straylight_repo\visualstudioworkspace\gtest\include\gtest\internal\gtest-param-util-generated.h(4249) : see reference to class template instantiation 'testing::internal::CartesianProductGenerator9<T1,T2,T3,T4,T5,T6,T7,T8,T9>' being compiled
     1>e:\sri\straylight_repo\visualstudioworkspace\gtest\include\gtest\internal\gtest-param-util-generated.h(4017): error C3203: 'tuple' : unspecialized class template can't be used as a template argument for template parameter 'T', expected a real type
     1>e:\sri\straylight_repo\visualstudioworkspace\gtest\include\gtest\internal\gtest-param-util-generated.h(4017): error C2955: 'std::tuple' : use of class template requires template argument list
                 c:\program files (x86)\microsoft visual studio 11.0\vc\include\utility(73) : see declaration of 'std::tuple'
     1>e:\sri\straylight_repo\visualstudioworkspace\gtest\include\gtest\internal\gtest-param-util-generated.h(4017): error C2955: 'testing::internal::ParamGeneratorInterface' : use of class template requires template argument list
                 e:\sri\straylight_repo\visualstudioworkspace\gtest\include\gtest\internal\gtest-param-util.h(142) : see declaration of 'testing::internal::ParamGeneratorInterface'
     1>e:\sri\straylight_repo\visualstudioworkspace\gtest\include\gtest\internal\gtest-param-util-generated.h(4019): error C2977: 'std::tuple' : too many template arguments
                 c:\program files (x86)\microsoft visual studio 11.0\vc\include\utility(73) : see declaration of 'std::tuple'
     1>e:\sri\straylight_repo\visualstudioworkspace\gtest\include\gtest\internal\gtest-param-util-generated.h(4030): error C3203: 'tuple' : unspecialized class template can't be used as a template argument for template parameter 'T', expected a real type
     1>e:\sri\straylight_repo\visualstudioworkspace\gtest\include\gtest\internal\gtest-param-util-generated.h(4030): error C2955: 'std::tuple' : use of class template requires template argument list
                 c:\program files (x86)\microsoft visual studio 11.0\vc\include\utility(73) : see declaration of 'std::tuple'
     1>e:\sri\straylight_repo\visualstudioworkspace\gtest\include\gtest\internal\gtest-param-util-generated.h(4035): error C3203: 'tuple' : unspecialized class template can't be used as a template argument for template parameter 'T', expected a real type
     1>e:\sri\straylight_repo\visualstudioworkspace\gtest\include\gtest\internal\gtest-param-util-generated.h(4035): error C2955: 'std::tuple' : use of class template requires template argument list
                 c:\program files (x86)\microsoft visual studio 11.0\vc\include\utility(73) : see declaration of 'std::tuple'
     1>e:\sri\straylight_repo\visualstudioworkspace\gtest\include\gtest\internal\gtest-param-util-generated.h(4042): error C3203: 'tuple' : unspecialized class template can't be used as a template argument for template parameter 'T', expected a real type
                 e:\sri\straylight_repo\visualstudioworkspace\gtest\include\gtest\internal\gtest-param-util-generated.h(4042) : see reference to class template instantiation 'testing::internal::CartesianProductGenerator9<T1,T2,T3,T4,T5,T6,T7,T8,T9>::Iterator' being compiled
     1>e:\sri\straylight_repo\visualstudioworkspace\gtest\include\gtest\internal\gtest-param-util-generated.h(4042): error C2955: 'std::tuple' : use of class template requires template argument list
                 c:\program files (x86)\microsoft visual studio 11.0\vc\include\utility(73) : see declaration of 'std::tuple'
     1>e:\sri\straylight_repo\visualstudioworkspace\gtest\include\gtest\internal\gtest-param-util-generated.h(4042): error C2955: 'testing::internal::ParamIteratorInterface' : use of class template requires template argument list
                 e:\sri\straylight_repo\visualstudioworkspace\gtest\include\gtest\internal\gtest-param-util.h(69) : see declaration of 'testing::internal::ParamIteratorInterface'
     1>e:\sri\straylight_repo\visualstudioworkspace\gtest\include\gtest\internal\gtest-param-util-generated.h(4044): error C3203: 'tuple' : unspecialized class template can't be used as a template argument for template parameter 'T', expected a real type
     1>e:\sri\straylight_repo\visualstudioworkspace\gtest\include\gtest\internal\gtest-param-util-generated.h(4044): error C2955: 'std::tuple' : use of class template requires template argument list
                 c:\program files (x86)\microsoft visual studio 11.0\vc\include\utility(73) : see declaration of 'std::tuple'
                 c:\program files (x86)\microsoft visual studio 11.0\vc\include\utility(73) : see declaration of 'std::tuple'
     1>e:\sri\straylight_repo\visualstudioworkspace\gtest\include\gtest\internal\gtest-param-util-generated.h(4077): error C3203: 'tuple' : unspecialized class template can't be used as a template argument for template parameter 'T', expected a real type
     1>e:\sri\straylight_repo\visualstudioworkspace\gtest\include\gtest\internal\gtest-param-util-generated.h(4077): error C2955: 'std::tuple' : use of class template requires template argument list
                 c:\program files (x86)\microsoft visual studio 11.0\vc\include\utility(73) : see declaration of 'std::tuple'
     1>e:\sri\straylight_repo\visualstudioworkspace\gtest\include\gtest\internal\gtest-param-util-generated.h(4119): error C3203: 'tuple' : unspecialized class template can't be used as a template argument for template parameter 'T', expected a real type
     1>e:\sri\straylight_repo\visualstudioworkspace\gtest\include\gtest\internal\gtest-param-util-generated.h(4119): error C2955: 'std::tuple' : use of class template requires template argument list
                 c:\program files (x86)\microsoft visual studio 11.0\vc\include\utility(73) : see declaration of 'std::tuple'
     1>e:\sri\straylight_repo\visualstudioworkspace\gtest\include\gtest\internal\gtest-param-util-generated.h(4123): error C3203: 'tuple' : unspecialized class template can't be used as a template argument for template parameter 'T', expected a real type
     1>e:\sri\straylight_repo\visualstudioworkspace\gtest\include\gtest\internal\gtest-param-util-generated.h(4123): error C2955: 'std::tuple' : use of class template requires template argument list
                 c:\program files (x86)\microsoft visual studio 11.0\vc\include\utility(73) : see declaration of 'std::tuple'
     1>e:\sri\straylight_repo\visualstudioworkspace\gtest\include\gtest\internal\gtest-param-util-generated.h(4204): error C3203: 'tuple' : unspecialized class template can't be used as a template argument for template parameter 'T', expected a real type
     1>e:\sri\straylight_repo\visualstudioworkspace\gtest\include\gtest\internal\gtest-param-util-generated.h(4204): error C2955: 'std::tuple' : use of class template requires template argument list
                 c:\program files (x86)\microsoft visual studio 11.0\vc\include\utility(73) : see declaration of 'std::tuple'
     1>e:\sri\straylight_repo\visualstudioworkspace\gtest\include\gtest\internal\gtest-param-util-generated.h(4256): error C2977: 'std::tuple' : too many template arguments
                 c:\program files (x86)\microsoft visual studio 11.0\vc\include\utility(73) : see declaration of 'std::tuple'
                 e:\sri\straylight_repo\visualstudioworkspace\gtest\include\gtest\internal\gtest-param-util-generated.h(4505) : see reference to class template instantiation 'testing::internal::CartesianProductGenerator10<T1,T2,T3,T4,T5,T6,T7,T8,T9,T10>' being compiled
     1>e:\sri\straylight_repo\visualstudioworkspace\gtest\include\gtest\internal\gtest-param-util-generated.h(4256): error C3203: 'tuple' : unspecialized class template can't be used as a template argument for template parameter 'T', expected a real type
     1>e:\sri\straylight_repo\visualstudioworkspace\gtest\include\gtest\internal\gtest-param-util-generated.h(4256): error C2955: 'std::tuple' : use of class template requires template argument list
                 c:\program files (x86)\microsoft visual studio 11.0\vc\include\utility(73) : see declaration of 'std::tuple'
     1>e:\sri\straylight_repo\visualstudioworkspace\gtest\include\gtest\internal\gtest-param-util-generated.h(4256): error C2955: 'testing::internal::ParamGeneratorInterface' : use of class template requires template argument list
                 e:\sri\straylight_repo\visualstudioworkspace\gtest\include\gtest\internal\gtest-param-util.h(142) : see declaration of 'testing::internal::ParamGeneratorInterface'
     1>e:\sri\straylight_repo\visualstudioworkspace\gtest\include\gtest\internal\gtest-param-util-generated.h(4258): error C2977: 'std::tuple' : too many template arguments
                 c:\program files (x86)\microsoft visual studio 11.0\vc\include\utility(73) : see declaration of 'std::tuple'
     1>e:\sri\straylight_repo\visualstudioworkspace\gtest\include\gtest\internal\gtest-param-util-generated.h(4270): error C3203: 'tuple' : unspecialized class template can't be used as a template argument for template parameter 'T', expected a real type
     1>e:\sri\straylight_repo\visualstudioworkspace\gtest\include\gtest\internal\gtest-param-util-generated.h(4270): error C2955: 'std::tuple' : use of class template requires template argument list
                 c:\program files (x86)\microsoft visual studio 11.0\vc\include\utility(73) : see declaration of 'std::tuple'
     1>e:\sri\straylight_repo\visualstudioworkspace\gtest\include\gtest\internal\gtest-param-util-generated.h(4275): error C3203: 'tuple' : unspecialized class template can't be used as a template argument for template parameter 'T', expected a real type
     1>e:\sri\straylight_repo\visualstudioworkspace\gtest\include\gtest\internal\gtest-param-util-generated.h(4275): error C2955: 'std::tuple' : use of class template requires template argument list
                 c:\program files (x86)\microsoft visual studio 11.0\vc\include\utility(73) : see declaration of 'std::tuple'
     1>e:\sri\straylight_repo\visualstudioworkspace\gtest\include\gtest\internal\gtest-param-util-generated.h(4282): error C3203: 'tuple' : unspecialized class template can't be used as a template argument for template parameter 'T', expected a real type
                 e:\sri\straylight_repo\visualstudioworkspace\gtest\include\gtest\internal\gtest-param-util-generated.h(4282) : see reference to class template instantiation 'testing::internal::CartesianProductGenerator10<T1,T2,T3,T4,T5,T6,T7,T8,T9,T10>::Iterator' being compiled
     1>e:\sri\straylight_repo\visualstudioworkspace\gtest\include\gtest\internal\gtest-param-util-generated.h(4282): error C2955: 'std::tuple' : use of class template requires template argument list
                 c:\program files (x86)\microsoft visual studio 11.0\vc\include\utility(73) : see declaration of 'std::tuple'
     1>e:\sri\straylight_repo\visualstudioworkspace\gtest\include\gtest\internal\gtest-param-util-generated.h(4282): error C2955: 'testing::internal::ParamIteratorInterface' : use of class template requires template argument list
                 e:\sri\straylight_repo\visualstudioworkspace\gtest\include\gtest\internal\gtest-param-util.h(69) : see declaration of 'testing::internal::ParamIteratorInterface'
     1>e:\sri\straylight_repo\visualstudioworkspace\gtest\include\gtest\internal\gtest-param-util-generated.h(4284): error C3203: 'tuple' : unspecialized class template can't be used as a template argument for template parameter 'T', expected a real type
     1>e:\sri\straylight_repo\visualstudioworkspace\gtest\include\gtest\internal\gtest-param-util-generated.h(4284): error C2955: 'std::tuple' : use of class template requires template argument list
                 c:\program files (x86)\microsoft visual studio 11.0\vc\include\utility(73) : see declaration of 'std::tuple'
                 c:\program files (x86)\microsoft visual studio 11.0\vc\include\utility(73) : see declaration of 'std::tuple'
     1>e:\sri\straylight_repo\visualstudioworkspace\gtest\include\gtest\internal\gtest-param-util-generated.h(4320): error C3203: 'tuple' : unspecialized class template can't be used as a template argument for template parameter 'T', expected a real type
     1>e:\sri\straylight_repo\visualstudioworkspace\gtest\include\gtest\internal\gtest-param-util-generated.h(4320): error C2955: 'std::tuple' : use of class template requires template argument list
                 c:\program files (x86)\microsoft visual studio 11.0\vc\include\utility(73) : see declaration of 'std::tuple'
     1>e:\sri\straylight_repo\visualstudioworkspace\gtest\include\gtest\internal\gtest-param-util-generated.h(4366): error C3203: 'tuple' : unspecialized class template can't be used as a template argument for template parameter 'T', expected a real type
     1>e:\sri\straylight_repo\visualstudioworkspace\gtest\include\gtest\internal\gtest-param-util-generated.h(4366): error C2955: 'std::tuple' : use of class template requires template argument list
                 c:\program files (x86)\microsoft visual studio 11.0\vc\include\utility(73) : see declaration of 'std::tuple'
     1>e:\sri\straylight_repo\visualstudioworkspace\gtest\include\gtest\internal\gtest-param-util-generated.h(4370): error C3203: 'tuple' : unspecialized class template can't be used as a template argument for template parameter 'T', expected a real type
     1>e:\sri\straylight_repo\visualstudioworkspace\gtest\include\gtest\internal\gtest-param-util-generated.h(4370): error C2955: 'std::tuple' : use of class template requires template argument list
                 c:\program files (x86)\microsoft visual studio 11.0\vc\include\utility(73) : see declaration of 'std::tuple'
     1>e:\sri\straylight_repo\visualstudioworkspace\gtest\include\gtest\internal\gtest-param-util-generated.h(4456): error C3203: 'tuple' : unspecialized class template can't be used as a template argument for template parameter 'T', expected a real type
     1>e:\sri\straylight_repo\visualstudioworkspace\gtest\include\gtest\internal\gtest-param-util-generated.h(4456): error C2955: 'std::tuple' : use of class template requires template argument list
                 c:\program files (x86)\microsoft visual studio 11.0\vc\include\utility(73) : see declaration of 'std::tuple'
     1>e:\sri\straylight_repo\visualstudioworkspace\gtest\include\gtest\internal\gtest-param-util-generated.h(4738): error C2977: 'std::tuple' : too many template arguments
                 c:\program files (x86)\microsoft visual studio 11.0\vc\include\utility(73) : see declaration of 'std::tuple'
                 e:\sri\straylight_repo\visualstudioworkspace\gtest\include\gtest\internal\gtest-param-util-generated.h(4766) : see reference to class template instantiation 'testing::internal::CartesianProductHolder9<Generator1,Generator2,Generator3,Generator4,Generator5,Generator6,Generator7,Generator8,Generator9>' being compiled
     1>e:\sri\straylight_repo\visualstudioworkspace\gtest\include\gtest\internal\gtest-param-util-generated.h(4738): error C3203: 'tuple' : unspecialized class template can't be used as a template argument for template parameter 'T', expected a real type
     1>e:\sri\straylight_repo\visualstudioworkspace\gtest\include\gtest\internal\gtest-param-util-generated.h(4738): error C2955: 'std::tuple' : use of class template requires template argument list
                 c:\program files (x86)\microsoft visual studio 11.0\vc\include\utility(73) : see declaration of 'std::tuple'
     1>e:\sri\straylight_repo\visualstudioworkspace\gtest\include\gtest\internal\gtest-param-util-generated.h(4782): error C2977: 'std::tuple' : too many template arguments
                 c:\program files (x86)\microsoft visual studio 11.0\vc\include\utility(73) : see declaration of 'std::tuple'
                 e:\sri\straylight_repo\visualstudioworkspace\gtest\include\gtest\internal\gtest-param-util-generated.h(4813) : see reference to class template instantiation 'testing::internal::CartesianProductHolder10<Generator1,Generator2,Generator3,Generator4,Generator5,Generator6,Generator7,Generator8,Generator9,Generator10>' being compiled
     1>e:\sri\straylight_repo\visualstudioworkspace\gtest\include\gtest\internal\gtest-param-util-generated.h(4782): error C3203: 'tuple' : unspecialized class template can't be used as a template argument for template parameter 'T', expected a real type
     1>e:\sri\straylight_repo\visualstudioworkspace\gtest\include\gtest\internal\gtest-param-util-generated.h(4782): error C2955: 'std::tuple' : use of class template requires template argument list
                 c:\program files (x86)\microsoft visual studio 11.0\vc\include\utility(73) : see declaration of 'std::tuple'
     1>Done Building Project "E:\SRI\straylight_repo\visualStudioWorkspace\gtest\msvc\gtest.vcxproj" (Build target(s)) -- FAILED.

Build FAILED.

Time Elapsed 00:00:01.58
