Build started 2/21/2012 9:50:49 AM.
     1>Project "E:\SRI\straylight_repo\visualStudioWorkspace\zlib-1.2.6\contrib\vstudio\vc10\testzlib.vcxproj" on node 3 (build target(s)).
     1>InitializeBuildStatus:
         Touching "x86\TestZlibRelease\Tmp\testzlib.unsuccessfulbuild".
       ClCompile:
         All outputs are up-to-date.
       Link:
         C:\Program Files (x86)\Microsoft Visual Studio 10.0\VC\bin\link.exe /ERRORREPORT:PROMPT /OUT:"x86\TestZlibRelease\testzlib.exe" /INCREMENTAL:NO /NOLOGO ..\..\masmx86\match686.obj ..\..\masmx86\inffas32.obj kernel32.lib user32.lib gdi32.lib winspool.lib comdlg32.lib advapi32.lib shell32.lib ole32.lib oleaut32.lib uuid.lib odbc32.lib odbccp32.lib /MANIFEST:NO /DEBUG /PDB:"E:\SRI\straylight_repo\visualStudioWorkspace\zlib-1.2.6\contrib\vstudio\vc10\x86\TestZlibRelease\testzlib.pdb" /SUBSYSTEM:CONSOLE /OPT:REF /OPT:ICF /LTCG /TLBID:1 /DYNAMICBASE:NO /IMPLIB:"x86\TestZlibRelease\testzlib.lib" /MACHINE:X86 x86\TestZlibRelease\Tmp\adler32.obj
         x86\TestZlibRelease\Tmp\compress.obj
         x86\TestZlibRelease\Tmp\crc32.obj
         x86\TestZlibRelease\Tmp\deflate.obj
         x86\TestZlibRelease\Tmp\infback.obj
         x86\TestZlibRelease\Tmp\inffast.obj
         x86\TestZlibRelease\Tmp\inflate.obj
         x86\TestZlibRelease\Tmp\inftrees.obj
         x86\TestZlibRelease\Tmp\testzlib.obj
         x86\TestZlibRelease\Tmp\trees.obj
         x86\TestZlibRelease\Tmp\uncompr.obj
         x86\TestZlibRelease\Tmp\zutil.obj
     1>zutil.obj : error LNK2001: unresolved external symbol _gzflags@0
     1>x86\TestZlibRelease\testzlib.exe : fatal error LNK1120: 1 unresolved externals
     1>Done Building Project "E:\SRI\straylight_repo\visualStudioWorkspace\zlib-1.2.6\contrib\vstudio\vc10\testzlib.vcxproj" (build target(s)) -- FAILED.

Build FAILED.

Time Elapsed 00:00:00.19
